Using pre-set license
Built from '2021.3/staging' branch; Version is '2021.3.26f1 (a16dc32e0ff2) revision 10579395'; Using compiler version '192829333'; Build Type 'Release'
OS: 'Windows 10  (10.0.19045) 64bit Professional' Language: 'en' Physical Memory: 16309 MB
BatchMode: 1, IsHumanControllingUs: 0, StartBugReporterOnCrash: 0, Is64bit: 1, IsPro: 1

COMMAND LINE ARGUMENTS:
C:\Program Files\Unity\Hub\Editor\2021.3.26f1\Editor\Unity.exe
-adb2
-batchMode
-noUpm
-name
AssetImportWorker1
-projectPath
C:/Users/pheno/My project
-logFile
Logs/AssetImportWorker1.log
-srvPort
50692
Successfully changed project path to: C:/Users/pheno/My project
C:/Users/pheno/My project
[UnityMemory] Configuration Parameters - Can be set up in boot.config
    "memorysetup-bucket-allocator-granularity=16"
    "memorysetup-bucket-allocator-bucket-count=8"
    "memorysetup-bucket-allocator-block-size=33554432"
    "memorysetup-bucket-allocator-block-count=8"
    "memorysetup-main-allocator-block-size=16777216"
    "memorysetup-thread-allocator-block-size=16777216"
    "memorysetup-gfx-main-allocator-block-size=16777216"
    "memorysetup-gfx-thread-allocator-block-size=16777216"
    "memorysetup-cache-allocator-block-size=4194304"
    "memorysetup-typetree-allocator-block-size=2097152"
    "memorysetup-profiler-bucket-allocator-granularity=16"
    "memorysetup-profiler-bucket-allocator-bucket-count=8"
    "memorysetup-profiler-bucket-allocator-block-size=33554432"
    "memorysetup-profiler-bucket-allocator-block-count=8"
    "memorysetup-profiler-allocator-block-size=16777216"
    "memorysetup-profiler-editor-allocator-block-size=1048576"
    "memorysetup-temp-allocator-size-main=16777216"
    "memorysetup-job-temp-allocator-block-size=2097152"
    "memorysetup-job-temp-allocator-block-size-background=1048576"
    "memorysetup-job-temp-allocator-reduction-small-platforms=262144"
    "memorysetup-temp-allocator-size-background-worker=32768"
    "memorysetup-temp-allocator-size-job-worker=262144"
    "memorysetup-temp-allocator-size-preload-manager=33554432"
    "memorysetup-temp-allocator-size-nav-mesh-worker=65536"
    "memorysetup-temp-allocator-size-audio-worker=65536"
    "memorysetup-temp-allocator-size-cloud-worker=32768"
    "memorysetup-temp-allocator-size-gi-baking-worker=262144"
    "memorysetup-temp-allocator-size-gfx=262144"
Player connection [11892] Host "[IP] 192.168.1.8 [Port] 0 [Flags] 2 [Guid] 1431964969 [EditorId] 1431964969 [Version] 1048832 [Id] WindowsEditor(7,DESKTOP-0CNROHK) [Debug] 1 [PackageName] WindowsEditor [ProjectName] Editor" joined multi-casting on [225.0.0.222:54997]...

Player connection [11892] Host "[IP] 192.168.1.8 [Port] 0 [Flags] 2 [Guid] 1431964969 [EditorId] 1431964969 [Version] 1048832 [Id] WindowsEditor(7,DESKTOP-0CNROHK) [Debug] 1 [PackageName] WindowsEditor [ProjectName] Editor" joined alternative multi-casting on [225.0.0.222:34997]...

Refreshing native plugins compatible for Editor in 86.10 ms, found 3 plugins.
Preloading 0 native plugins for Editor in 0.00 ms.
Initialize engine version: 2021.3.26f1 (a16dc32e0ff2)
[Subsystems] Discovering subsystems at path C:/Program Files/Unity/Hub/Editor/2021.3.26f1/Editor/Data/Resources/UnitySubsystems
[Subsystems] Discovering subsystems at path C:/Users/pheno/My project/Assets
GfxDevice: creating device client; threaded=0; jobified=0
Direct3D:
    Version:  Direct3D 11.0 [level 11.1]
    Renderer: NVIDIA GeForce GTX 1660 (ID=0x2184)
    Vendor:   NVIDIA
    VRAM:     5966 MB
    Driver:   32.0.15.5612
Initialize mono
Mono path[0] = 'C:/Program Files/Unity/Hub/Editor/2021.3.26f1/Editor/Data/Managed'
Mono path[1] = 'C:/Program Files/Unity/Hub/Editor/2021.3.26f1/Editor/Data/MonoBleedingEdge/lib/mono/unityjit-win32'
Mono config path = 'C:/Program Files/Unity/Hub/Editor/2021.3.26f1/Editor/Data/MonoBleedingEdge/etc'
Using monoOptions --debugger-agent=transport=dt_socket,embedding=1,server=y,suspend=n,address=127.0.0.1:56908
Begin MonoManager ReloadAssembly
Registering precompiled unity dll's ...
Register platform support module: C:/Program Files/Unity/Hub/Editor/2021.3.26f1/Editor/Data/PlaybackEngines/WebGLSupport/UnityEditor.WebGL.Extensions.dll
Register platform support module: C:/Program Files/Unity/Hub/Editor/2021.3.26f1/Editor/Data/PlaybackEngines/WindowsStandaloneSupport/UnityEditor.WindowsStandalone.Extensions.dll
Registered in 0.017242 seconds.
Native extension for WindowsStandalone target not found
Native extension for WebGL target not found
Refreshing native plugins compatible for Editor in 80.45 ms, found 3 plugins.
Preloading 0 native plugins for Editor in 0.00 ms.
Mono: successfully reloaded assembly
- Completed reload, in  0.864 seconds
Domain Reload Profiling:
	ReloadAssembly (865ms)
		BeginReloadAssembly (128ms)
			ExecutionOrderSort (0ms)
			DisableScriptedObjects (0ms)
			BackupInstance (0ms)
			ReleaseScriptingObjects (0ms)
			CreateAndSetChildDomain (1ms)
		EndReloadAssembly (579ms)
			LoadAssemblies (123ms)
			RebuildTransferFunctionScriptingTraits (0ms)
			SetupTypeCache (133ms)
			ReleaseScriptCaches (0ms)
			RebuildScriptCaches (36ms)
			SetupLoadedEditorAssemblies (335ms)
				LogAssemblyErrors (0ms)
				InitializePlatformSupportModulesInManaged (16ms)
				SetLoadedEditorAssemblies (0ms)
				RefreshPlugins (81ms)
				BeforeProcessingInitializeOnLoad (2ms)
				ProcessInitializeOnLoadAttributes (168ms)
				ProcessInitializeOnLoadMethodAttributes (69ms)
				AfterProcessingInitializeOnLoad (0ms)
				EditorAssembliesLoaded (0ms)
			ExecutionOrderSort2 (0ms)
			AwakeInstancesAfterBackupRestoration (0ms)
Platform modules already initialized, skipping
Registering precompiled user dll's ...
Registered in 0.011008 seconds.
Begin MonoManager ReloadAssembly
Symbol file LoadedFromMemory doesn't match image C:\Users\pheno\My project\Library\PackageCache\com.unity.visualscripting@1.8.0\Editor\VisualScripting.Core\Dependencies\YamlDotNet\Unity.VisualScripting.YamlDotNet.dll
Symbol file LoadedFromMemory doesn't match image C:\Users\pheno\My project\Library\PackageCache\com.unity.visualscripting@1.8.0\Editor\VisualScripting.Core\Dependencies\DotNetZip\Unity.VisualScripting.IonicZip.dll
Native extension for WindowsStandalone target not found
Native extension for WebGL target not found
Refreshing native plugins compatible for Editor in 0.87 ms, found 3 plugins.
Preloading 0 native plugins for Editor in 0.00 ms.
Mono: successfully reloaded assembly
- Completed reload, in  1.502 seconds
Domain Reload Profiling:
	ReloadAssembly (1503ms)
		BeginReloadAssembly (175ms)
			ExecutionOrderSort (0ms)
			DisableScriptedObjects (8ms)
			BackupInstance (0ms)
			ReleaseScriptingObjects (0ms)
			CreateAndSetChildDomain (23ms)
		EndReloadAssembly (1171ms)
			LoadAssemblies (138ms)
			RebuildTransferFunctionScriptingTraits (0ms)
			SetupTypeCache (404ms)
			ReleaseScriptCaches (1ms)
			RebuildScriptCaches (89ms)
			SetupLoadedEditorAssemblies (499ms)
				LogAssemblyErrors (0ms)
				InitializePlatformSupportModulesInManaged (14ms)
				SetLoadedEditorAssemblies (1ms)
				RefreshPlugins (1ms)
				BeforeProcessingInitializeOnLoad (121ms)
				ProcessInitializeOnLoadAttributes (308ms)
				ProcessInitializeOnLoadMethodAttributes (32ms)
				AfterProcessingInitializeOnLoad (21ms)
				EditorAssembliesLoaded (0ms)
			ExecutionOrderSort2 (0ms)
			AwakeInstancesAfterBackupRestoration (10ms)
Platform modules already initialized, skipping
========================================================================
Worker process is ready to serve import requests
Launched and connected shader compiler UnityShaderCompiler.exe after 0.08 seconds
Refreshing native plugins compatible for Editor in 0.78 ms, found 3 plugins.
Preloading 0 native plugins for Editor in 0.00 ms.
Unloading 3051 Unused Serialized files (Serialized files now loaded: 0)
Unloading 22 unused Assets / (56.5 KB). Loaded Objects now: 3513.
Memory consumption went from 107.5 MB to 107.4 MB.
Total: 4.896800 ms (FindLiveObjects: 0.428100 ms CreateObjectMapping: 0.122700 ms MarkObjects: 4.232100 ms  DeleteObjects: 0.112800 ms)

AssetImportParameters requested are different than current active one (requested -> active):
  custom:video-decoder-ogg-theora: a1e56fd34408186e4bbccfd4996cb3dc -> 
  custom:container-muxer-webm: aa71ff27fc2769a1b78a27578f13a17b -> 
  custom:container-demuxer-webm: 4f35f7cbe854078d1ac9338744f61a02 -> 
  custom:video-encoder-webm-vp8: eb34c28f22e8b96e1ab97ce403110664 -> 
  custom:audio-encoder-webm-vorbis: bf7c407c2cedff20999df2af8eb42d56 -> 
  custom:framework-win-MediaFoundation: 216162199b28c13a410421893ffa2e32 -> 
  custom:container-demuxer-ogg: 62fdf1f143b41e24485cea50d1cbac27 -> 
  custom:video-decoder-webm-vp8: 9c59270c3fd7afecdb556c50c9e8de78 -> 
  custom:audio-decoder-ogg-vorbis: bf7c407c2cedff20999df2af8eb42d56 -> 
========================================================================
Received Import Request.
  Time since last request: 3353.905656 seconds.
  path: Assets/Models/OBJ format/arrows.obj
  artifactKey: Guid(659e587c0d8e13e4b803c2e7a22db616) Importer(815301076,1909f56bfc062723c751e8b465ee728b)
Start importing Assets/Models/OBJ format/arrows.obj using Guid(659e587c0d8e13e4b803c2e7a22db616) Importer(815301076,1909f56bfc062723c751e8b465ee728b)  -> (artifact id: '220cf060ead465ef1ca2cea76c10df0b') in 0.519877 seconds 
========================================================================
Received Import Request.
  Time since last request: 0.000044 seconds.
  path: Assets/Models/OBJ format/block-grass-overhang-large-slope.obj
  artifactKey: Guid(9e18236e464439c4aac183f63ac4f5b8) Importer(815301076,1909f56bfc062723c751e8b465ee728b)
Start importing Assets/Models/OBJ format/block-grass-overhang-large-slope.obj using Guid(9e18236e464439c4aac183f63ac4f5b8) Importer(815301076,1909f56bfc062723c751e8b465ee728b)  -> (artifact id: 'cf0abdfa5ef8a902808a63323aff3fe3') in 0.037413 seconds 
========================================================================
Received Import Request.
  Time since last request: 0.000058 seconds.
  path: Assets/Models/OBJ format/block-grass-hexagon.obj
  artifactKey: Guid(0c360a8349f3dc245bec4ef19bd3e92a) Importer(815301076,1909f56bfc062723c751e8b465ee728b)
Start importing Assets/Models/OBJ format/block-grass-hexagon.obj using Guid(0c360a8349f3dc245bec4ef19bd3e92a) Importer(815301076,1909f56bfc062723c751e8b465ee728b)  -> (artifact id: '3e7be19034abf138c2063ed81b490b23') in 0.036128 seconds 
========================================================================
Received Import Request.
  Time since last request: 0.000038 seconds.
  path: Assets/Models/OBJ format/block-grass-overhang-long.obj
  artifactKey: Guid(3b03971ed243b444abca60adc027cb89) Importer(815301076,1909f56bfc062723c751e8b465ee728b)
Start importing Assets/Models/OBJ format/block-grass-overhang-long.obj using Guid(3b03971ed243b444abca60adc027cb89) Importer(815301076,1909f56bfc062723c751e8b465ee728b)  -> (artifact id: '2ed96cc0f4b22439b9770851789906f9') in 0.036969 seconds 
========================================================================
Received Import Request.
  Time since last request: 0.000039 seconds.
  path: Assets/Models/OBJ format/block-grass-low-narrow.obj
  artifactKey: Guid(bea2875f3a05012428d3d24976a5aca3) Importer(815301076,1909f56bfc062723c751e8b465ee728b)
Start importing Assets/Models/OBJ format/block-grass-low-narrow.obj using Guid(bea2875f3a05012428d3d24976a5aca3) Importer(815301076,1909f56bfc062723c751e8b465ee728b)  -> (artifact id: 'ffd7c666c56b36b52fb3a08035d8b5d1') in 0.035107 seconds 
========================================================================
Received Import Request.
  Time since last request: 0.000047 seconds.
  path: Assets/Models/OBJ format/block-grass-corner-overhang.obj
  artifactKey: Guid(f2e9bed06c8c9ef478041405c74f294a) Importer(815301076,1909f56bfc062723c751e8b465ee728b)
Start importing Assets/Models/OBJ format/block-grass-corner-overhang.obj using Guid(f2e9bed06c8c9ef478041405c74f294a) Importer(815301076,1909f56bfc062723c751e8b465ee728b)  -> (artifact id: 'a4f8284e8919902a88e43ef4b0e9a9b5') in 0.039260 seconds 
========================================================================
Received Import Request.
  Time since last request: 0.000034 seconds.
  path: Assets/Models/OBJ format/block-grass-long.obj
  artifactKey: Guid(c7c0a3c49a60c6c489cde0427b27e127) Importer(815301076,1909f56bfc062723c751e8b465ee728b)
Start importing Assets/Models/OBJ format/block-grass-long.obj using Guid(c7c0a3c49a60c6c489cde0427b27e127) Importer(815301076,1909f56bfc062723c751e8b465ee728b)  -> (artifact id: '113fcff115602c3977ba0726072d1eca') in 0.036548 seconds 
========================================================================
Received Import Request.
  Time since last request: 0.000040 seconds.
  path: Assets/Models/OBJ format/block-grass-overhang-hexagon.obj
  artifactKey: Guid(05b0d4135d5cf0048abddb4f80f59cce) Importer(815301076,1909f56bfc062723c751e8b465ee728b)
Start importing Assets/Models/OBJ format/block-grass-overhang-hexagon.obj using Guid(05b0d4135d5cf0048abddb4f80f59cce) Importer(815301076,1909f56bfc062723c751e8b465ee728b)  -> (artifact id: '0e885227a3b0741760479d5337443b3f') in 0.037282 seconds 
========================================================================
Received Import Request.
  Time since last request: 0.000041 seconds.
  path: Assets/Models/OBJ format/block-grass-corner.obj
  artifactKey: Guid(7be3b9f2523508a43877cbcfdae835bb) Importer(815301076,1909f56bfc062723c751e8b465ee728b)
Start importing Assets/Models/OBJ format/block-grass-corner.obj using Guid(7be3b9f2523508a43877cbcfdae835bb) Importer(815301076,1909f56bfc062723c751e8b465ee728b)  -> (artifact id: '38a58bd06ffc42d05ddd2cb488c4bd56') in 0.035952 seconds 
========================================================================
Received Import Request.
  Time since last request: 0.000030 seconds.
  path: Assets/Models/OBJ format/block-grass-overhang-large-slope-steep.obj
  artifactKey: Guid(a0e4419a0cc8af24698047eff5c1e224) Importer(815301076,1909f56bfc062723c751e8b465ee728b)
Start importing Assets/Models/OBJ format/block-grass-overhang-large-slope-steep.obj using Guid(a0e4419a0cc8af24698047eff5c1e224) Importer(815301076,1909f56bfc062723c751e8b465ee728b)  -> (artifact id: 'b5ef7185930ce8590b854e4bc06506f3') in 0.034353 seconds 
========================================================================
Received Import Request.
  Time since last request: 0.000044 seconds.
  path: Assets/Models/OBJ format/barrel.obj
  artifactKey: Guid(0ebcb3feadd89a84990bbe263b43cd01) Importer(815301076,1909f56bfc062723c751e8b465ee728b)
Start importing Assets/Models/OBJ format/barrel.obj using Guid(0ebcb3feadd89a84990bbe263b43cd01) Importer(815301076,1909f56bfc062723c751e8b465ee728b)  -> (artifact id: '4ee8f770e66538cbbb5f22bfeeb03433') in 0.038300 seconds 
========================================================================
Received Import Request.
  Time since last request: 0.000025 seconds.
  path: Assets/Models/OBJ format/block-grass-curve.obj
  artifactKey: Guid(3bc3be0fe04fdb743821dd7bf5595dd9) Importer(815301076,1909f56bfc062723c751e8b465ee728b)
Start importing Assets/Models/OBJ format/block-grass-curve.obj using Guid(3bc3be0fe04fdb743821dd7bf5595dd9) Importer(815301076,1909f56bfc062723c751e8b465ee728b)  -> (artifact id: 'f8f11c1beead030ac0be6518c43a802f') in 0.037244 seconds 
========================================================================
Received Import Request.
  Time since last request: 0.000044 seconds.
  path: Assets/Models/OBJ format/block-grass-overhang-low-narrow.obj
  artifactKey: Guid(a5e71c9acc7691a45b33217446f05984) Importer(815301076,1909f56bfc062723c751e8b465ee728b)
Start importing Assets/Models/OBJ format/block-grass-overhang-low-narrow.obj using Guid(a5e71c9acc7691a45b33217446f05984) Importer(815301076,1909f56bfc062723c751e8b465ee728b)  -> (artifact id: 'd4372410f2177e7da0544a345be40aea') in 0.041724 seconds 
========================================================================
Received Import Request.
  Time since last request: 0.000046 seconds.
  path: Assets/Models/OBJ format/block-grass-corner-overhang-low.obj
  artifactKey: Guid(ab965ee6aedbaab43b9f6e1224bbe565) Importer(815301076,1909f56bfc062723c751e8b465ee728b)
Start importing Assets/Models/OBJ format/block-grass-corner-overhang-low.obj using Guid(ab965ee6aedbaab43b9f6e1224bbe565) Importer(815301076,1909f56bfc062723c751e8b465ee728b)  -> (artifact id: '6f2136f94ba1770b7c95f539b907f2a4') in 0.050166 seconds 
========================================================================
Received Import Request.
  Time since last request: 0.000057 seconds.
  path: Assets/Models/OBJ format/block-grass-overhang-low-long.obj
  artifactKey: Guid(13b56109d50ecbd4e86fbd3338a62bae) Importer(815301076,1909f56bfc062723c751e8b465ee728b)
Start importing Assets/Models/OBJ format/block-grass-overhang-low-long.obj using Guid(13b56109d50ecbd4e86fbd3338a62bae) Importer(815301076,1909f56bfc062723c751e8b465ee728b)  -> (artifact id: 'c0b333bd8e4db79a86a9fcc6c182d372') in 0.048894 seconds 
========================================================================
Received Import Request.
  Time since last request: 0.000041 seconds.
  path: Assets/Models/OBJ format/block-grass-overhang-large-tall.obj
  artifactKey: Guid(c6ace2f6145dc214b84e23c792f0e629) Importer(815301076,1909f56bfc062723c751e8b465ee728b)
Start importing Assets/Models/OBJ format/block-grass-overhang-large-tall.obj using Guid(c6ace2f6145dc214b84e23c792f0e629) Importer(815301076,1909f56bfc062723c751e8b465ee728b)  -> (artifact id: 'cf0b424553544e230454af51f973c382') in 0.050210 seconds 
========================================================================
Received Import Request.
  Time since last request: 0.000036 seconds.
  path: Assets/Models/OBJ format/block-grass-overhang-low-large.obj
  artifactKey: Guid(14e72246cc63e6046acacb7bc4e0dbd1) Importer(815301076,1909f56bfc062723c751e8b465ee728b)
Start importing Assets/Models/OBJ format/block-grass-overhang-low-large.obj using Guid(14e72246cc63e6046acacb7bc4e0dbd1) Importer(815301076,1909f56bfc062723c751e8b465ee728b)  -> (artifact id: '7267d5c5acb8695988a656b81d3a5b97') in 0.044273 seconds 
========================================================================
Received Import Request.
  Time since last request: 0.000034 seconds.
  path: Assets/Models/OBJ format/block-grass-low-hexagon.obj
  artifactKey: Guid(671833d5be260d54288249b6b3316736) Importer(815301076,1909f56bfc062723c751e8b465ee728b)
Start importing Assets/Models/OBJ format/block-grass-low-hexagon.obj using Guid(671833d5be260d54288249b6b3316736) Importer(815301076,1909f56bfc062723c751e8b465ee728b)  -> (artifact id: '8e962b28ab5579275b5b8b537c4b7cea') in 0.035815 seconds 
========================================================================
Received Import Request.
  Time since last request: 0.000042 seconds.
  path: Assets/Models/OBJ format/block-grass-overhang-corner.obj
  artifactKey: Guid(da4d5ccf22795bc47838d25fb913cc5c) Importer(815301076,1909f56bfc062723c751e8b465ee728b)
Start importing Assets/Models/OBJ format/block-grass-overhang-corner.obj using Guid(da4d5ccf22795bc47838d25fb913cc5c) Importer(815301076,1909f56bfc062723c751e8b465ee728b)  -> (artifact id: 'a83d26948f6540965b99f91e0e7326d2') in 0.040746 seconds 
========================================================================
Received Import Request.
  Time since last request: 2.290226 seconds.
  path: Assets/Models/OBJ format/block-grass.obj
  artifactKey: Guid(b52e1c31fb286934aaa76f6d279ce9ed) Importer(815301076,1909f56bfc062723c751e8b465ee728b)
Start importing Assets/Models/OBJ format/block-grass.obj using Guid(b52e1c31fb286934aaa76f6d279ce9ed) Importer(815301076,1909f56bfc062723c751e8b465ee728b)  -> (artifact id: 'd1150a28fef4cf6430c4094ed21e2701') in 0.029753 seconds 
========================================================================
Received Import Request.
  Time since last request: 0.000035 seconds.
  path: Assets/Models/OBJ format/block-moving-blue.obj
  artifactKey: Guid(3c1000a90dc371949a65863fd68ccda0) Importer(815301076,1909f56bfc062723c751e8b465ee728b)
Start importing Assets/Models/OBJ format/block-moving-blue.obj using Guid(3c1000a90dc371949a65863fd68ccda0) Importer(815301076,1909f56bfc062723c751e8b465ee728b)  -> (artifact id: 'ed93c4c1bd056ce9f2d28a4e5b6663ae') in 0.044308 seconds 
========================================================================
Received Import Request.
  Time since last request: 0.000040 seconds.
  path: Assets/Models/OBJ format/block-snow-corner-overhang-low.obj
  artifactKey: Guid(45aa786f19cc8b041afd44ae36e03298) Importer(815301076,1909f56bfc062723c751e8b465ee728b)
Start importing Assets/Models/OBJ format/block-snow-corner-overhang-low.obj using Guid(45aa786f19cc8b041afd44ae36e03298) Importer(815301076,1909f56bfc062723c751e8b465ee728b)  -> (artifact id: '04d1cc36a54a5a41dff95e359c059ffd') in 0.047230 seconds 
========================================================================
Received Import Request.
  Time since last request: 0.000032 seconds.
  path: Assets/Models/OBJ format/block-snow-corner-low.obj
  artifactKey: Guid(d3f293adae3b80e42a2bddc46c4d7fe8) Importer(815301076,1909f56bfc062723c751e8b465ee728b)
Start importing Assets/Models/OBJ format/block-snow-corner-low.obj using Guid(d3f293adae3b80e42a2bddc46c4d7fe8) Importer(815301076,1909f56bfc062723c751e8b465ee728b)  -> (artifact id: '4a62af91b3e55033366912bc86fa0ea9') in 0.040451 seconds 
Editor requested this worker to shutdown with reason: Scaling down because of idle timeout
AssetImportWorker is now disconnected from the server
Process exiting
Exiting without the bug reporter. Application will terminate with return code 0